This is pdfTeX, Version 3.14159265-2.6-1.40.20 (MiKTeX 2.9.7250 64-bit) (preloaded format=pdflatex 2019.12.5)  31 JUL 2020 13:55
entering extended mode
**"./An Analysis of Model-Agnostic Interpretability ML Techniques.tex"
("An Analysis of Model-Agnostic Interpretability ML Techniques.tex"
LaTeX2e <2019-10-01> patch level 3
("C:\Users\PJ2892!\AppData\Local\Programs\MiKTeX 2.9\tex/latex/base\article.cls
"
Document Class: article 2019/10/25 v1.4k Standard LaTeX document class
("C:\Users\PJ2892!\AppData\Local\Programs\MiKTeX 2.9\tex/latex/base\size11.clo"
File: size11.clo 2019/10/25 v1.4k Standard LaTeX file (size option)
)
\c@part=\count80
\c@section=\count81
\c@subsection=\count82
\c@subsubsection=\count83
\c@paragraph=\count84
\c@subparagraph=\count85
\c@figure=\count86
\c@table=\count87
\abovecaptionskip=\skip41
\belowcaptionskip=\skip42
\bibindent=\dimen102
)
("C:\Users\PJ2892!\AppData\Local\Programs\MiKTeX 2.9\tex/latex/geometry\geometr
y.sty"
Package: geometry 2018/04/16 v5.8 Page Geometry

("C:\Users\PJ2892!\AppData\Local\Programs\MiKTeX 2.9\tex/latex/graphics\keyval.
sty"
Package: keyval 2014/10/28 v1.15 key=value parser (DPC)
\KV@toks@=\toks14
)
("C:\Users\PJ2892!\AppData\Local\Programs\MiKTeX 2.9\tex/generic/iftex\ifpdf.st
y"
Package: ifpdf 2019/10/25 v3.4 ifpdf legacy package. Use iftex instead.

("C:\Users\PJ2892!\AppData\Local\Programs\MiKTeX 2.9\tex/generic/iftex\iftex.st
y"
Package: iftex 2019/11/07 v1.0c TeX engine tests
))
("C:\Users\PJ2892!\AppData\Local\Programs\MiKTeX 2.9\tex/generic/iftex\ifvtex.s
ty"
Package: ifvtex 2019/10/25 v1.7 ifvtex legacy package. Use iftex instead.
)
("C:\Users\PJ2892!\AppData\Local\Programs\MiKTeX 2.9\tex/generic/iftex\ifxetex.
sty"
Package: ifxetex 2019/10/25 v0.7 ifxetex legacy package. Use iftex instead.
)
\Gm@cnth=\count88
\Gm@cntv=\count89
\c@Gm@tempcnt=\count90
\Gm@bindingoffset=\dimen103
\Gm@wd@mp=\dimen104
\Gm@odd@mp=\dimen105
\Gm@even@mp=\dimen106
\Gm@layoutwidth=\dimen107
\Gm@layoutheight=\dimen108
\Gm@layouthoffset=\dimen109
\Gm@layoutvoffset=\dimen110
\Gm@dimlist=\toks15

("C:\Users\PJ2892!\AppData\Local\Programs\MiKTeX 2.9\tex/latex/geometry\geometr
y.cfg"))
("C:\Users\PJ2892!\AppData\Local\Programs\MiKTeX 2.9\tex/latex/setspace\setspac
e.sty"
Package: setspace 2011/12/19 v6.7a set line spacing
)
("C:\Users\PJ2892!\AppData\Local\Programs\MiKTeX 2.9\tex/latex/amsmath\amsmath.
sty"
Package: amsmath 2019/11/16 v2.17d AMS math features
\@mathmargin=\skip43

For additional information on amsmath, use the `?' option.

("C:\Users\PJ2892!\AppData\Local\Programs\MiKTeX 2.9\tex/latex/amsmath\amstext.
sty"
Package: amstext 2000/06/29 v2.01 AMS text

("C:\Users\PJ2892!\AppData\Local\Programs\MiKTeX 2.9\tex/latex/amsmath\amsgen.s
ty"
File: amsgen.sty 1999/11/30 v2.0 generic functions
\@emptytoks=\toks16
\ex@=\dimen111
))
("C:\Users\PJ2892!\AppData\Local\Programs\MiKTeX 2.9\tex/latex/amsmath\amsbsy.s
ty"
Package: amsbsy 1999/11/29 v1.2d Bold Symbols
\pmbraise@=\dimen112
)
("C:\Users\PJ2892!\AppData\Local\Programs\MiKTeX 2.9\tex/latex/amsmath\amsopn.s
ty"
Package: amsopn 2016/03/08 v2.02 operator names
)
\inf@bad=\count91
LaTeX Info: Redefining \frac on input line 227.
\uproot@=\count92
\leftroot@=\count93
LaTeX Info: Redefining \overline on input line 389.
\classnum@=\count94
\DOTSCASE@=\count95
LaTeX Info: Redefining \ldots on input line 486.
LaTeX Info: Redefining \dots on input line 489.
LaTeX Info: Redefining \cdots on input line 610.
\Mathstrutbox@=\box27
\strutbox@=\box28
\big@size=\dimen113
LaTeX Font Info:    Redeclaring font encoding OML on input line 733.
LaTeX Font Info:    Redeclaring font encoding OMS on input line 734.
\macc@depth=\count96
\c@MaxMatrixCols=\count97
\dotsspace@=\muskip10
\c@parentequation=\count98
\dspbrk@lvl=\count99
\tag@help=\toks17
\row@=\count100
\column@=\count101
\maxfields@=\count102
\andhelp@=\toks18
\eqnshift@=\dimen114
\alignsep@=\dimen115
\tagshift@=\dimen116
\tagwidth@=\dimen117
\totwidth@=\dimen118
\lineht@=\dimen119
\@envbody=\toks19
\multlinegap=\skip44
\multlinetaggap=\skip45
\mathdisplay@stack=\toks20
LaTeX Info: Redefining \[ on input line 2858.
LaTeX Info: Redefining \] on input line 2859.
)
("C:\Users\PJ2892!\AppData\Local\Programs\MiKTeX 2.9\tex/latex/amsfonts\amssymb
.sty"
Package: amssymb 2013/01/14 v3.01 AMS font symbols

("C:\Users\PJ2892!\AppData\Local\Programs\MiKTeX 2.9\tex/latex/amsfonts\amsfont
s.sty"
Package: amsfonts 2013/01/14 v3.01 Basic AMSFonts support
\symAMSa=\mathgroup4
\symAMSb=\mathgroup5
LaTeX Font Info:    Redeclaring math symbol \hbar on input line 98.
LaTeX Font Info:    Overwriting math alphabet `\mathfrak' in version `bold'
(Font)                  U/euf/m/n --> U/euf/b/n on input line 106.
))
("C:\Users\PJ2892!\AppData\Local\Programs\MiKTeX 2.9\tex/latex/amscls\amsthm.st
y"
Package: amsthm 2017/10/31 v2.20.4
\thm@style=\toks21
\thm@bodyfont=\toks22
\thm@headfont=\toks23
\thm@notefont=\toks24
\thm@headpunct=\toks25
\thm@preskip=\skip46
\thm@postskip=\skip47
\thm@headsep=\skip48
\dth@everypar=\toks26
)
("C:\Users\PJ2892!\AppData\Local\Programs\MiKTeX 2.9\tex/latex/graphics\graphic
x.sty"
Package: graphicx 2017/06/01 v1.1a Enhanced LaTeX Graphics (DPC,SPQR)

("C:\Users\PJ2892!\AppData\Local\Programs\MiKTeX 2.9\tex/latex/graphics\graphic
s.sty"
Package: graphics 2019/11/01 v1.3d Standard LaTeX Graphics (DPC,SPQR)

("C:\Users\PJ2892!\AppData\Local\Programs\MiKTeX 2.9\tex/latex/graphics\trig.st
y"
Package: trig 2016/01/03 v1.10 sin cos tan (DPC)
)
("C:\Users\PJ2892!\AppData\Local\Programs\MiKTeX 2.9\tex/latex/graphics-cfg\gra
phics.cfg"
File: graphics.cfg 2016/06/04 v1.11 sample graphics configuration
)
Package graphics Info: Driver file: pdftex.def on input line 105.

("C:\Users\PJ2892!\AppData\Local\Programs\MiKTeX 2.9\tex/latex/graphics-def\pdf
tex.def"
File: pdftex.def 2018/01/08 v1.0l Graphics/color driver for pdftex
))
\Gin@req@height=\dimen120
\Gin@req@width=\dimen121
)
("C:\Users\PJ2892!\AppData\Local\Programs\MiKTeX 2.9\tex/latex/graphics\rotatin
g.sty"
Package: rotating 2016/08/11 v2.16d rotated objects in LaTeX

("C:\Users\PJ2892!\AppData\Local\Programs\MiKTeX 2.9\tex/latex/base\ifthen.sty"
Package: ifthen 2014/09/29 v1.1c Standard LaTeX ifthen package (DPC)
)
\c@r@tfl@t=\count103
\rotFPtop=\skip49
\rotFPbot=\skip50
\rot@float@box=\box29
\rot@mess@toks=\toks27
)
("C:\Users\PJ2892!\AppData\Local\Programs\MiKTeX 2.9\tex/latex/base\inputenc.st
y"
Package: inputenc 2018/08/11 v1.3c Input encoding file
\inpenc@prehook=\toks28
\inpenc@posthook=\toks29
)
("C:\Users\PJ2892!\AppData\Local\Programs\MiKTeX 2.9\tex/latex/base\fontenc.sty
"
Package: fontenc 2018/08/11 v2.0j Standard LaTeX package
)
("C:\Users\PJ2892!\AppData\Local\Programs\MiKTeX 2.9\tex/latex/natbib\natbib.st
y"
Package: natbib 2010/09/13 8.31b (PWD, AO)
\bibhang=\skip51
\bibsep=\skip52
LaTeX Info: Redefining \cite on input line 694.
\c@NAT@ctr=\count104
) ("C:\Users\PJ2892!\AppData\Local\Programs\MiKTeX 2.9\tex/latex/url\url.sty"
\Urlmuskip=\muskip11
Package: url 2013/09/16  ver 3.4  Verb mode for urls, etc.
)
("C:\Users\PJ2892!\AppData\Local\Programs\MiKTeX 2.9\tex/latex/hyperref\hyperre
f.sty"
Package: hyperref 2019/11/10 v7.00c Hypertext links for LaTeX

("C:\Users\PJ2892!\AppData\Local\Programs\MiKTeX 2.9\tex/generic/oberdiek\ltxcm
ds.sty"
Package: ltxcmds 2016/05/16 v1.23 LaTeX kernel commands for general use (HO)
)
("C:\Users\PJ2892!\AppData\Local\Programs\MiKTeX 2.9\tex/latex/pdftexcmds\pdfte
xcmds.sty"
Package: pdftexcmds 2019/11/24 v0.31 Utility functions of pdfTeX for LuaTeX (HO
)

("C:\Users\PJ2892!\AppData\Local\Programs\MiKTeX 2.9\tex/generic/oberdiek\infwa
rerr.sty"
Package: infwarerr 2016/05/16 v1.4 Providing info/warning/error messages (HO)
)
Package pdftexcmds Info: \pdf@primitive is available.
Package pdftexcmds Info: \pdf@ifprimitive is available.
Package pdftexcmds Info: \pdfdraftmode found.
)
("C:\Users\PJ2892!\AppData\Local\Programs\MiKTeX 2.9\tex/generic/oberdiek\kvset
keys.sty"
Package: kvsetkeys 2016/05/16 v1.17 Key value parser (HO)

("C:\Users\PJ2892!\AppData\Local\Programs\MiKTeX 2.9\tex/generic/oberdiek\etexc
mds.sty"
Package: etexcmds 2016/05/16 v1.6 Avoid name clashes with e-TeX commands (HO)

("C:\Users\PJ2892!\AppData\Local\Programs\MiKTeX 2.9\tex/generic/iftex\ifluatex
.sty"
Package: ifluatex 2019/10/25 v1.5 ifluatex legacy package. Use iftex instead.
)))
("C:\Users\PJ2892!\AppData\Local\Programs\MiKTeX 2.9\tex/generic/oberdiek\kvdef
inekeys.sty"
Package: kvdefinekeys 2016/05/16 v1.4 Define keys (HO)
)
("C:\Users\PJ2892!\AppData\Local\Programs\MiKTeX 2.9\tex/generic/oberdiek\pdfes
cape.sty"
Package: pdfescape 2016/05/16 v1.14 Implements pdfTeX's escape features (HO)
)
("C:\Users\PJ2892!\AppData\Local\Programs\MiKTeX 2.9\tex/latex/oberdiek\hycolor
.sty"
Package: hycolor 2016/05/16 v1.8 Color options for hyperref/bookmark (HO)

("C:\Users\PJ2892!\AppData\Local\Programs\MiKTeX 2.9\tex/latex/oberdiek\xcolor-
patch.sty"
Package: xcolor-patch 2016/05/16 xcolor patch

("C:\Users\PJ2892!\AppData\Local\Programs\MiKTeX 2.9\tex/latex/oberdiek\hopatch
.sty"
Package: hopatch 2016/05/16 v1.3 Wrapper for package hooks (HO)
)))
("C:\Users\PJ2892!\AppData\Local\Programs\MiKTeX 2.9\tex/latex/oberdiek\letltxm
acro.sty"
Package: letltxmacro 2016/05/16 v1.5 Let assignment for LaTeX macros (HO)
)
("C:\Users\PJ2892!\AppData\Local\Programs\MiKTeX 2.9\tex/latex/oberdiek\auxhook
.sty"
Package: auxhook 2016/05/16 v1.4 Hooks for auxiliary files (HO)
)
("C:\Users\PJ2892!\AppData\Local\Programs\MiKTeX 2.9\tex/latex/kvoptions\kvopti
ons.sty"
Package: kvoptions 2019/11/29 v3.13 Key value format for package options (HO)
)
\@linkdim=\dimen122
\Hy@linkcounter=\count105
\Hy@pagecounter=\count106

("C:\Users\PJ2892!\AppData\Local\Programs\MiKTeX 2.9\tex/latex/hyperref\pd1enc.
def"
File: pd1enc.def 2019/11/10 v7.00c Hyperref: PDFDocEncoding definition (HO)
Now handling font encoding PD1 ...
... no UTF-8 mapping file for font encoding PD1
)
("C:\Users\PJ2892!\AppData\Local\Programs\MiKTeX 2.9\tex/generic/oberdiek\intca
lc.sty"
Package: intcalc 2016/05/16 v1.2 Expandable calculations with integers (HO)
)
\Hy@SavedSpaceFactor=\count107

("C:\Users\PJ2892!\AppData\Local\Programs\MiKTeX 2.9\tex/latex/00miktex\hyperre
f.cfg"
File: hyperref.cfg 2002/06/06 v1.2 hyperref configuration of TeXLive
)
Package hyperref Info: Hyper figures OFF on input line 4535.
Package hyperref Info: Link nesting OFF on input line 4540.
Package hyperref Info: Hyper index ON on input line 4543.
Package hyperref Info: Plain pages OFF on input line 4550.
Package hyperref Info: Backreferencing OFF on input line 4555.
Package hyperref Info: Implicit mode ON; LaTeX internals redefined.
Package hyperref Info: Bookmarks ON on input line 4788.
\c@Hy@tempcnt=\count108
LaTeX Info: Redefining \url on input line 5147.
\XeTeXLinkMargin=\dimen123

("C:\Users\PJ2892!\AppData\Local\Programs\MiKTeX 2.9\tex/generic/oberdiek\bitse
t.sty"
Package: bitset 2016/05/16 v1.2 Handle bit-vector datatype (HO)

("C:\Users\PJ2892!\AppData\Local\Programs\MiKTeX 2.9\tex/generic/oberdiek\bigin
tcalc.sty"
Package: bigintcalc 2016/05/16 v1.4 Expandable calculations on big integers (HO
)
))
\Fld@menulength=\count109
\Field@Width=\dimen124
\Fld@charsize=\dimen125
Package hyperref Info: Hyper figures OFF on input line 6418.
Package hyperref Info: Link nesting OFF on input line 6423.
Package hyperref Info: Hyper index ON on input line 6426.
Package hyperref Info: backreferencing OFF on input line 6433.
Package hyperref Info: Link coloring OFF on input line 6438.
Package hyperref Info: Link coloring with OCG OFF on input line 6443.
Package hyperref Info: PDF/A mode OFF on input line 6448.
LaTeX Info: Redefining \ref on input line 6488.
LaTeX Info: Redefining \pageref on input line 6492.

("C:\Users\PJ2892!\AppData\Local\Programs\MiKTeX 2.9\tex/generic/oberdiek\atbeg
shi.sty"
Package: atbegshi 2016/06/09 v1.18 At begin shipout hook (HO)
)
\Hy@abspage=\count110
\c@Item=\count111
\c@Hfootnote=\count112
)
Package hyperref Info: Driver (autodetected): hpdftex.

("C:\Users\PJ2892!\AppData\Local\Programs\MiKTeX 2.9\tex/latex/hyperref\hpdftex
.def"
File: hpdftex.def 2019/11/10 v7.00c Hyperref driver for pdfTeX

("C:\Users\PJ2892!\AppData\Local\Programs\MiKTeX 2.9\tex/latex/oberdiek\atverye
nd.sty"
Package: atveryend 2016/05/16 v1.9 Hooks at the very end of document (HO)
Package atveryend Info: \enddocument detected (standard20110627).
)
\Fld@listcount=\count113
\c@bookmark@seq@number=\count114

("C:\Users\PJ2892!\AppData\Local\Programs\MiKTeX 2.9\tex/latex/oberdiek\rerunfi
lecheck.sty"
Package: rerunfilecheck 2016/05/16 v1.8 Rerun checks for auxiliary files (HO)

("C:\Users\PJ2892!\AppData\Local\Programs\MiKTeX 2.9\tex/generic/oberdiek\uniqu
ecounter.sty"
Package: uniquecounter 2016/05/16 v1.3 Provide unlimited unique counter (HO)
)
Package uniquecounter Info: New unique counter `rerunfilecheck' on input line 2
86.
)
\Hy@SectionHShift=\skip53
)
("C:\Users\PJ2892!\AppData\Local\Programs\MiKTeX 2.9\tex/latex/microtype\microt
ype.sty"
Package: microtype 2019/11/18 v2.7d Micro-typographical refinements (RS)
\MT@toks=\toks30
\MT@count=\count115
LaTeX Info: Redefining \textls on input line 790.
\MT@outer@kern=\dimen126
LaTeX Info: Redefining \textmicrotypecontext on input line 1354.
\MT@listname@count=\count116

("C:\Users\PJ2892!\AppData\Local\Programs\MiKTeX 2.9\tex/latex/microtype\microt
ype-pdftex.def"
File: microtype-pdftex.def 2019/11/18 v2.7d Definitions specific to pdftex (RS)

LaTeX Info: Redefining \lsstyle on input line 914.
LaTeX Info: Redefining \lslig on input line 914.
\MT@outer@space=\skip54
)
Package microtype Info: Loading configuration file microtype.cfg.

("C:\Users\PJ2892!\AppData\Local\Programs\MiKTeX 2.9\tex/latex/microtype\microt
ype.cfg"
File: microtype.cfg 2019/11/18 v2.7d microtype main configuration file (RS)
))
("C:\Users\PJ2892!\AppData\Local\Programs\MiKTeX 2.9\tex/latex/pgf/frontendlaye
r\tikz.sty"
("C:\Users\PJ2892!\AppData\Local\Programs\MiKTeX 2.9\tex/latex/pgf/basiclayer\p
gf.sty"
("C:\Users\PJ2892!\AppData\Local\Programs\MiKTeX 2.9\tex/latex/pgf/utilities\pg
frcs.sty"
("C:\Users\PJ2892!\AppData\Local\Programs\MiKTeX 2.9\tex/generic/pgf/utilities\
pgfutil-common.tex"
\pgfutil@everybye=\toks31
\pgfutil@tempdima=\dimen127
\pgfutil@tempdimb=\dimen128

("C:\Users\PJ2892!\AppData\Local\Programs\MiKTeX 2.9\tex/generic/pgf/utilities\
pgfutil-common-lists.tex"))
("C:\Users\PJ2892!\AppData\Local\Programs\MiKTeX 2.9\tex/generic/pgf/utilities\
pgfutil-latex.def"
\pgfutil@abb=\box30

("C:\Users\PJ2892!\AppData\Local\Programs\MiKTeX 2.9\tex/latex/ms\everyshi.sty"
Package: everyshi 2001/05/15 v3.00 EveryShipout Package (MS)
))
("C:\Users\PJ2892!\AppData\Local\Programs\MiKTeX 2.9\tex/generic/pgf/utilities\
pgfrcs.code.tex"
("C:\Users\PJ2892!\AppData\Local\Programs\MiKTeX 2.9\tex/generic/pgf\pgf.revisi
on.tex")
Package: pgfrcs 2020/01/08 v3.1.5b (3.1.5b)
))
Package: pgf 2020/01/08 v3.1.5b (3.1.5b)

("C:\Users\PJ2892!\AppData\Local\Programs\MiKTeX 2.9\tex/latex/pgf/basiclayer\p
gfcore.sty"
("C:\Users\PJ2892!\AppData\Local\Programs\MiKTeX 2.9\tex/latex/pgf/systemlayer\
pgfsys.sty"
("C:\Users\PJ2892!\AppData\Local\Programs\MiKTeX 2.9\tex/generic/pgf/systemlaye
r\pgfsys.code.tex"
Package: pgfsys 2020/01/08 v3.1.5b (3.1.5b)

("C:\Users\PJ2892!\AppData\Local\Programs\MiKTeX 2.9\tex/generic/pgf/utilities\
pgfkeys.code.tex"
\pgfkeys@pathtoks=\toks32
\pgfkeys@temptoks=\toks33

("C:\Users\PJ2892!\AppData\Local\Programs\MiKTeX 2.9\tex/generic/pgf/utilities\
pgfkeysfiltered.code.tex"
\pgfkeys@tmptoks=\toks34
))
\pgf@x=\dimen129
\pgf@y=\dimen130
\pgf@xa=\dimen131
\pgf@ya=\dimen132
\pgf@xb=\dimen133
\pgf@yb=\dimen134
\pgf@xc=\dimen135
\pgf@yc=\dimen136
\pgf@xd=\dimen137
\pgf@yd=\dimen138
\w@pgf@writea=\write3
\r@pgf@reada=\read1
\c@pgf@counta=\count117
\c@pgf@countb=\count118
\c@pgf@countc=\count119
\c@pgf@countd=\count120
\t@pgf@toka=\toks35
\t@pgf@tokb=\toks36
\t@pgf@tokc=\toks37
\pgf@sys@id@count=\count121

("C:\Users\PJ2892!\AppData\Local\Programs\MiKTeX 2.9\tex/generic/pgf/systemlaye
r\pgf.cfg"
File: pgf.cfg 2020/01/08 v3.1.5b (3.1.5b)
)
Driver file for pgf: pgfsys-pdftex.def

("C:\Users\PJ2892!\AppData\Local\Programs\MiKTeX 2.9\tex/generic/pgf/systemlaye
r\pgfsys-pdftex.def"
File: pgfsys-pdftex.def 2020/01/08 v3.1.5b (3.1.5b)

("C:\Users\PJ2892!\AppData\Local\Programs\MiKTeX 2.9\tex/generic/pgf/systemlaye
r\pgfsys-common-pdf.def"
File: pgfsys-common-pdf.def 2020/01/08 v3.1.5b (3.1.5b)
)))
("C:\Users\PJ2892!\AppData\Local\Programs\MiKTeX 2.9\tex/generic/pgf/systemlaye
r\pgfsyssoftpath.code.tex"
File: pgfsyssoftpath.code.tex 2020/01/08 v3.1.5b (3.1.5b)
\pgfsyssoftpath@smallbuffer@items=\count122
\pgfsyssoftpath@bigbuffer@items=\count123
)
("C:\Users\PJ2892!\AppData\Local\Programs\MiKTeX 2.9\tex/generic/pgf/systemlaye
r\pgfsysprotocol.code.tex"
File: pgfsysprotocol.code.tex 2020/01/08 v3.1.5b (3.1.5b)
))
("C:\Users\PJ2892!\AppData\Local\Programs\MiKTeX 2.9\tex/latex/xcolor\xcolor.st
y"
Package: xcolor 2016/05/11 v2.12 LaTeX color extensions (UK)

("C:\Users\PJ2892!\AppData\Local\Programs\MiKTeX 2.9\tex/latex/graphics-cfg\col
or.cfg"
File: color.cfg 2016/01/02 v1.6 sample color configuration
)
Package xcolor Info: Driver file: pdftex.def on input line 225.
Package xcolor Info: Model `cmy' substituted by `cmy0' on input line 1348.
Package xcolor Info: Model `hsb' substituted by `rgb' on input line 1352.
Package xcolor Info: Model `RGB' extended on input line 1364.
Package xcolor Info: Model `HTML' substituted by `rgb' on input line 1366.
Package xcolor Info: Model `Hsb' substituted by `hsb' on input line 1367.
Package xcolor Info: Model `tHsb' substituted by `hsb' on input line 1368.
Package xcolor Info: Model `HSB' substituted by `hsb' on input line 1369.
Package xcolor Info: Model `Gray' substituted by `gray' on input line 1370.
Package xcolor Info: Model `wave' substituted by `hsb' on input line 1371.
)
("C:\Users\PJ2892!\AppData\Local\Programs\MiKTeX 2.9\tex/generic/pgf/basiclayer
\pgfcore.code.tex"
Package: pgfcore 2020/01/08 v3.1.5b (3.1.5b)

("C:\Users\PJ2892!\AppData\Local\Programs\MiKTeX 2.9\tex/generic/pgf/math\pgfma
th.code.tex"
("C:\Users\PJ2892!\AppData\Local\Programs\MiKTeX 2.9\tex/generic/pgf/math\pgfma
thcalc.code.tex"
("C:\Users\PJ2892!\AppData\Local\Programs\MiKTeX 2.9\tex/generic/pgf/math\pgfma
thutil.code.tex")
("C:\Users\PJ2892!\AppData\Local\Programs\MiKTeX 2.9\tex/generic/pgf/math\pgfma
thparser.code.tex"
\pgfmath@dimen=\dimen139
\pgfmath@count=\count124
\pgfmath@box=\box31
\pgfmath@toks=\toks38
\pgfmath@stack@operand=\toks39
\pgfmath@stack@operation=\toks40
)
("C:\Users\PJ2892!\AppData\Local\Programs\MiKTeX 2.9\tex/generic/pgf/math\pgfma
thfunctions.code.tex"
("C:\Users\PJ2892!\AppData\Local\Programs\MiKTeX 2.9\tex/generic/pgf/math\pgfma
thfunctions.basic.code.tex")
("C:\Users\PJ2892!\AppData\Local\Programs\MiKTeX 2.9\tex/generic/pgf/math\pgfma
thfunctions.trigonometric.code.tex")
("C:\Users\PJ2892!\AppData\Local\Programs\MiKTeX 2.9\tex/generic/pgf/math\pgfma
thfunctions.random.code.tex")
("C:\Users\PJ2892!\AppData\Local\Programs\MiKTeX 2.9\tex/generic/pgf/math\pgfma
thfunctions.comparison.code.tex")
("C:\Users\PJ2892!\AppData\Local\Programs\MiKTeX 2.9\tex/generic/pgf/math\pgfma
thfunctions.base.code.tex")
("C:\Users\PJ2892!\AppData\Local\Programs\MiKTeX 2.9\tex/generic/pgf/math\pgfma
thfunctions.round.code.tex")
("C:\Users\PJ2892!\AppData\Local\Programs\MiKTeX 2.9\tex/generic/pgf/math\pgfma
thfunctions.misc.code.tex")
("C:\Users\PJ2892!\AppData\Local\Programs\MiKTeX 2.9\tex/generic/pgf/math\pgfma
thfunctions.integerarithmetics.code.tex")))
("C:\Users\PJ2892!\AppData\Local\Programs\MiKTeX 2.9\tex/generic/pgf/math\pgfma
thfloat.code.tex"
\c@pgfmathroundto@lastzeros=\count125
))
("C:\Users\PJ2892!\AppData\Local\Programs\MiKTeX 2.9\tex/generic/pgf/math\pgfin
t.code.tex")
("C:\Users\PJ2892!\AppData\Local\Programs\MiKTeX 2.9\tex/generic/pgf/basiclayer
\pgfcorepoints.code.tex"
File: pgfcorepoints.code.tex 2020/01/08 v3.1.5b (3.1.5b)
\pgf@picminx=\dimen140
\pgf@picmaxx=\dimen141
\pgf@picminy=\dimen142
\pgf@picmaxy=\dimen143
\pgf@pathminx=\dimen144
\pgf@pathmaxx=\dimen145
\pgf@pathminy=\dimen146
\pgf@pathmaxy=\dimen147
\pgf@xx=\dimen148
\pgf@xy=\dimen149
\pgf@yx=\dimen150
\pgf@yy=\dimen151
\pgf@zx=\dimen152
\pgf@zy=\dimen153
)
("C:\Users\PJ2892!\AppData\Local\Programs\MiKTeX 2.9\tex/generic/pgf/basiclayer
\pgfcorepathconstruct.code.tex"
File: pgfcorepathconstruct.code.tex 2020/01/08 v3.1.5b (3.1.5b)
\pgf@path@lastx=\dimen154
\pgf@path@lasty=\dimen155
)
("C:\Users\PJ2892!\AppData\Local\Programs\MiKTeX 2.9\tex/generic/pgf/basiclayer
\pgfcorepathusage.code.tex"
File: pgfcorepathusage.code.tex 2020/01/08 v3.1.5b (3.1.5b)
\pgf@shorten@end@additional=\dimen156
\pgf@shorten@start@additional=\dimen157
)
("C:\Users\PJ2892!\AppData\Local\Programs\MiKTeX 2.9\tex/generic/pgf/basiclayer
\pgfcorescopes.code.tex"
File: pgfcorescopes.code.tex 2020/01/08 v3.1.5b (3.1.5b)
\pgfpic=\box32
\pgf@hbox=\box33
\pgf@layerbox@main=\box34
\pgf@picture@serial@count=\count126
)
("C:\Users\PJ2892!\AppData\Local\Programs\MiKTeX 2.9\tex/generic/pgf/basiclayer
\pgfcoregraphicstate.code.tex"
File: pgfcoregraphicstate.code.tex 2020/01/08 v3.1.5b (3.1.5b)
\pgflinewidth=\dimen158
)
("C:\Users\PJ2892!\AppData\Local\Programs\MiKTeX 2.9\tex/generic/pgf/basiclayer
\pgfcoretransformations.code.tex"
File: pgfcoretransformations.code.tex 2020/01/08 v3.1.5b (3.1.5b)
\pgf@pt@x=\dimen159
\pgf@pt@y=\dimen160
\pgf@pt@temp=\dimen161
)
("C:\Users\PJ2892!\AppData\Local\Programs\MiKTeX 2.9\tex/generic/pgf/basiclayer
\pgfcorequick.code.tex"
File: pgfcorequick.code.tex 2020/01/08 v3.1.5b (3.1.5b)
)
("C:\Users\PJ2892!\AppData\Local\Programs\MiKTeX 2.9\tex/generic/pgf/basiclayer
\pgfcoreobjects.code.tex"
File: pgfcoreobjects.code.tex 2020/01/08 v3.1.5b (3.1.5b)
)
("C:\Users\PJ2892!\AppData\Local\Programs\MiKTeX 2.9\tex/generic/pgf/basiclayer
\pgfcorepathprocessing.code.tex"
File: pgfcorepathprocessing.code.tex 2020/01/08 v3.1.5b (3.1.5b)
)
("C:\Users\PJ2892!\AppData\Local\Programs\MiKTeX 2.9\tex/generic/pgf/basiclayer
\pgfcorearrows.code.tex"
File: pgfcorearrows.code.tex 2020/01/08 v3.1.5b (3.1.5b)
\pgfarrowsep=\dimen162
)
("C:\Users\PJ2892!\AppData\Local\Programs\MiKTeX 2.9\tex/generic/pgf/basiclayer
\pgfcoreshade.code.tex"
File: pgfcoreshade.code.tex 2020/01/08 v3.1.5b (3.1.5b)
\pgf@max=\dimen163
\pgf@sys@shading@range@num=\count127
\pgf@shadingcount=\count128
)
("C:\Users\PJ2892!\AppData\Local\Programs\MiKTeX 2.9\tex/generic/pgf/basiclayer
\pgfcoreimage.code.tex"
File: pgfcoreimage.code.tex 2020/01/08 v3.1.5b (3.1.5b)

("C:\Users\PJ2892!\AppData\Local\Programs\MiKTeX 2.9\tex/generic/pgf/basiclayer
\pgfcoreexternal.code.tex"
File: pgfcoreexternal.code.tex 2020/01/08 v3.1.5b (3.1.5b)
\pgfexternal@startupbox=\box35
))
("C:\Users\PJ2892!\AppData\Local\Programs\MiKTeX 2.9\tex/generic/pgf/basiclayer
\pgfcorelayers.code.tex"
File: pgfcorelayers.code.tex 2020/01/08 v3.1.5b (3.1.5b)
)
("C:\Users\PJ2892!\AppData\Local\Programs\MiKTeX 2.9\tex/generic/pgf/basiclayer
\pgfcoretransparency.code.tex"
File: pgfcoretransparency.code.tex 2020/01/08 v3.1.5b (3.1.5b)
)
("C:\Users\PJ2892!\AppData\Local\Programs\MiKTeX 2.9\tex/generic/pgf/basiclayer
\pgfcorepatterns.code.tex"
File: pgfcorepatterns.code.tex 2020/01/08 v3.1.5b (3.1.5b)
)
("C:\Users\PJ2892!\AppData\Local\Programs\MiKTeX 2.9\tex/generic/pgf/basiclayer
\pgfcorerdf.code.tex"
File: pgfcorerdf.code.tex 2020/01/08 v3.1.5b (3.1.5b)
)))
("C:\Users\PJ2892!\AppData\Local\Programs\MiKTeX 2.9\tex/generic/pgf/modules\pg
fmoduleshapes.code.tex"
File: pgfmoduleshapes.code.tex 2020/01/08 v3.1.5b (3.1.5b)
\pgfnodeparttextbox=\box36
)
("C:\Users\PJ2892!\AppData\Local\Programs\MiKTeX 2.9\tex/generic/pgf/modules\pg
fmoduleplot.code.tex"
File: pgfmoduleplot.code.tex 2020/01/08 v3.1.5b (3.1.5b)
)
("C:\Users\PJ2892!\AppData\Local\Programs\MiKTeX 2.9\tex/latex/pgf/compatibilit
y\pgfcomp-version-0-65.sty"
Package: pgfcomp-version-0-65 2020/01/08 v3.1.5b (3.1.5b)
\pgf@nodesepstart=\dimen164
\pgf@nodesepend=\dimen165
)
("C:\Users\PJ2892!\AppData\Local\Programs\MiKTeX 2.9\tex/latex/pgf/compatibilit
y\pgfcomp-version-1-18.sty"
Package: pgfcomp-version-1-18 2020/01/08 v3.1.5b (3.1.5b)
))
("C:\Users\PJ2892!\AppData\Local\Programs\MiKTeX 2.9\tex/latex/pgf/utilities\pg
ffor.sty"
("C:\Users\PJ2892!\AppData\Local\Programs\MiKTeX 2.9\tex/latex/pgf/utilities\pg
fkeys.sty"
("C:\Users\PJ2892!\AppData\Local\Programs\MiKTeX 2.9\tex/generic/pgf/utilities\
pgfkeys.code.tex"))
("C:\Users\PJ2892!\AppData\Local\Programs\MiKTeX 2.9\tex/latex/pgf/math\pgfmath
.sty"
("C:\Users\PJ2892!\AppData\Local\Programs\MiKTeX 2.9\tex/generic/pgf/math\pgfma
th.code.tex"))
("C:\Users\PJ2892!\AppData\Local\Programs\MiKTeX 2.9\tex/generic/pgf/utilities\
pgffor.code.tex"
Package: pgffor 2020/01/08 v3.1.5b (3.1.5b)

("C:\Users\PJ2892!\AppData\Local\Programs\MiKTeX 2.9\tex/generic/pgf/math\pgfma
th.code.tex")
\pgffor@iter=\dimen166
\pgffor@skip=\dimen167
\pgffor@stack=\toks41
\pgffor@toks=\toks42
))
("C:\Users\PJ2892!\AppData\Local\Programs\MiKTeX 2.9\tex/generic/pgf/frontendla
yer/tikz\tikz.code.tex"
Package: tikz 2020/01/08 v3.1.5b (3.1.5b)

("C:\Users\PJ2892!\AppData\Local\Programs\MiKTeX 2.9\tex/generic/pgf/libraries\
pgflibraryplothandlers.code.tex"
File: pgflibraryplothandlers.code.tex 2020/01/08 v3.1.5b (3.1.5b)
\pgf@plot@mark@count=\count129
\pgfplotmarksize=\dimen168
)
\tikz@lastx=\dimen169
\tikz@lasty=\dimen170
\tikz@lastxsaved=\dimen171
\tikz@lastysaved=\dimen172
\tikz@lastmovetox=\dimen173
\tikz@lastmovetoy=\dimen174
\tikzleveldistance=\dimen175
\tikzsiblingdistance=\dimen176
\tikz@figbox=\box37
\tikz@figbox@bg=\box38
\tikz@tempbox=\box39
\tikz@tempbox@bg=\box40
\tikztreelevel=\count130
\tikznumberofchildren=\count131
\tikznumberofcurrentchild=\count132
\tikz@fig@count=\count133

("C:\Users\PJ2892!\AppData\Local\Programs\MiKTeX 2.9\tex/generic/pgf/modules\pg
fmodulematrix.code.tex"
File: pgfmodulematrix.code.tex 2020/01/08 v3.1.5b (3.1.5b)
\pgfmatrixcurrentrow=\count134
\pgfmatrixcurrentcolumn=\count135
\pgf@matrix@numberofcolumns=\count136
)
\tikz@expandcount=\count137

("C:\Users\PJ2892!\AppData\Local\Programs\MiKTeX 2.9\tex/generic/pgf/frontendla
yer/tikz/libraries\tikzlibrarytopaths.code.tex"
File: tikzlibrarytopaths.code.tex 2020/01/08 v3.1.5b (3.1.5b)
)))
("C:\Users\PJ2892!\AppData\Local\Programs\MiKTeX 2.9\tex/latex/hyperref\nameref
.sty"
Package: nameref 2019/09/16 v2.46 Cross-referencing by name of section

("C:\Users\PJ2892!\AppData\Local\Programs\MiKTeX 2.9\tex/latex/oberdiek\refcoun
t.sty"
Package: refcount 2016/05/16 v3.5 Data extraction from label references (HO)
)
("C:\Users\PJ2892!\AppData\Local\Programs\MiKTeX 2.9\tex/generic/oberdiek\getti
tlestring.sty"
Package: gettitlestring 2016/05/16 v1.5 Cleanup title references (HO)
)
\c@section@level=\count138
)
("C:\Users\PJ2892!\AppData\Local\Programs\MiKTeX 2.9\tex/latex/epigraph\epigrap
h.sty"
Package: epigraph 2009/09/02 v1.5c typesetting epigraphs
\beforeepigraphskip=\skip55
\afterepigraphskip=\skip56
\epigraphwidth=\skip57
\epigraphrule=\skip58
)
("C:\Users\PJ2892!\AppData\Local\Programs\MiKTeX 2.9\tex/latex/etoolbox\etoolbo
x.sty"
Package: etoolbox 2019/09/21 v2.5h e-TeX tools for LaTeX (JAW)
\etb@tempcnta=\count139
)
("C:\Users\PJ2892!\AppData\Local\Programs\MiKTeX 2.9\tex/latex/booktabs\booktab
s.sty"
Package: booktabs 2019/10/08 v1.6180339 publication quality tables
\heavyrulewidth=\dimen177
\lightrulewidth=\dimen178
\cmidrulewidth=\dimen179
\belowrulesep=\dimen180
\belowbottomsep=\dimen181
\aboverulesep=\dimen182
\abovetopsep=\dimen183
\cmidrulesep=\dimen184
\cmidrulekern=\dimen185
\defaultaddspace=\dimen186
\@cmidla=\count140
\@cmidlb=\count141
\@aboverulesep=\dimen187
\@belowrulesep=\dimen188
\@thisruleclass=\count142
\@lastruleclass=\count143
\@thisrulewidth=\dimen189
)
("C:\Users\PJ2892!\AppData\Local\Programs\MiKTeX 2.9\tex/latex/graphics\lscape.
sty"
Package: lscape 2000/10/22 v3.01 Landscape Pages (DPC)
)
("C:\Users\PJ2892!\AppData\Local\Programs\MiKTeX 2.9\tex/latex/float\float.sty"
Package: float 2001/11/08 v1.3d Float enhancements (AL)
\c@float@type=\count144
\float@exts=\toks43
\float@box=\box41
\@float@everytoks=\toks44
\@floatcapt=\box42
) ("C:\Users\PJ2892!\AppData\Local\Programs\MiKTeX 2.9\tex/latex/pbox\pbox.sty"
Package: pbox 2011/12/07 v1.2 Dynamic parboxes
("C:\Users\PJ2892!\AppData\Local\Programs\MiKTeX 2.9\tex/latex/tools\calc.sty"
Package: calc 2017/05/25 v4.3 Infix arithmetic (KKT,FJ)
\calc@Acount=\count145
\calc@Bcount=\count146
\calc@Adimen=\dimen190
\calc@Bdimen=\dimen191
\calc@Askip=\skip59
\calc@Bskip=\skip60
LaTeX Info: Redefining \setlength on input line 80.
LaTeX Info: Redefining \addtolength on input line 81.
\calc@Ccount=\count147
\calc@Cskip=\skip61
)
\pb@xlen=\skip62
)
("C:\Users\PJ2892!\AppData\Local\Programs\MiKTeX 2.9\tex/latex/caption\caption.
sty"
Package: caption 2019/10/18 v3.4a Customizing captions (AR)

("C:\Users\PJ2892!\AppData\Local\Programs\MiKTeX 2.9\tex/latex/caption\caption3
.sty"
Package: caption3 2019/09/09 v1.8e caption3 kernel (AR)
Package caption3 Info: TeX engine: e-TeX on input line 64.
\captionmargin=\dimen192
\captionmargin@=\dimen193
\captionwidth=\dimen194
\caption@tempdima=\dimen195
\caption@indent=\dimen196
\caption@parindent=\dimen197
\caption@hangindent=\dimen198
Package caption Info: Standard document class detected.
)
\c@caption@flags=\count148
\c@continuedfloat=\count149
Package caption Info: float package is loaded.
Package caption Info: hyperref package is loaded.
Package caption Info: rotating package is loaded.
)
("C:\Users\PJ2892!\AppData\Local\Programs\MiKTeX 2.9\tex/latex/breqn\breqn.sty"

("C:\Users\PJ2892!\AppData\Local\Programs\MiKTeX 2.9\tex/latex/l3kernel\expl3.s
ty"
Package: expl3 2019-11-07 L3 programming layer (loader) 

("C:\Users\PJ2892!\AppData\Local\Programs\MiKTeX 2.9\tex/latex/l3kernel\expl3-c
ode.tex"
Package: expl3 2019-11-07 L3 programming layer (code)
\c_max_int=\count150
\l_tmpa_int=\count151
\l_tmpb_int=\count152
\g_tmpa_int=\count153
\g_tmpb_int=\count154
\l__seq_internal_a_int=\count155
\l__seq_internal_b_int=\count156
\g__kernel_prg_map_int=\count157
\c__ior_term_noprompt_ior=\count158
\c_log_iow=\count159
\l_iow_line_count_int=\count160
\l__iow_line_target_int=\count161
\l__iow_one_indent_int=\count162
\l__iow_indent_int=\count163
\c_zero_dim=\dimen199
\c_max_dim=\dimen256
\l_tmpa_dim=\dimen257
\l_tmpb_dim=\dimen258
\g_tmpa_dim=\dimen259
\g_tmpb_dim=\dimen260
\c_zero_skip=\skip63
\c_max_skip=\skip64
\l_tmpa_skip=\skip65
\l_tmpb_skip=\skip66
\g_tmpa_skip=\skip67
\g_tmpb_skip=\skip68
\c_zero_muskip=\muskip12
\c_max_muskip=\muskip13
\l_tmpa_muskip=\muskip14
\l_tmpb_muskip=\muskip15
\g_tmpa_muskip=\muskip16
\g_tmpb_muskip=\muskip17
\l_keys_choice_int=\count164
\l__intarray_loop_int=\count165
\c__intarray_sp_dim=\dimen261
\g__intarray_font_int=\count166
\c__fp_leading_shift_int=\count167
\c__fp_middle_shift_int=\count168
\c__fp_trailing_shift_int=\count169
\c__fp_big_leading_shift_int=\count170
\c__fp_big_middle_shift_int=\count171
\c__fp_big_trailing_shift_int=\count172
\c__fp_Bigg_leading_shift_int=\count173
\c__fp_Bigg_middle_shift_int=\count174
\c__fp_Bigg_trailing_shift_int=\count175
\c__kernel_randint_max_int=\count176
\g__fp_array_int=\count177
\l__fp_array_loop_int=\count178
\l__sort_length_int=\count179
\l__sort_min_int=\count180
\l__sort_top_int=\count181
\l__sort_max_int=\count182
\l__sort_true_max_int=\count183
\l__sort_block_int=\count184
\l__sort_begin_int=\count185
\l__sort_end_int=\count186
\l__sort_A_int=\count187
\l__sort_B_int=\count188
\l__sort_C_int=\count189
\l__str_internal_int=\count190
\c__str_replacement_char_int=\count191
\l__tl_analysis_normal_int=\count192
\l__tl_analysis_index_int=\count193
\l__tl_analysis_nesting_int=\count194
\l__tl_analysis_type_int=\count195
\l__regex_internal_a_int=\count196
\l__regex_internal_b_int=\count197
\l__regex_internal_c_int=\count198
\l__regex_balance_int=\count199
\l__regex_group_level_int=\count266
\l__regex_mode_int=\count267
\c__regex_cs_in_class_mode_int=\count268
\c__regex_cs_mode_int=\count269
\l__regex_catcodes_int=\count270
\l__regex_default_catcodes_int=\count271
\c__regex_catcode_D_int=\count272
\c__regex_catcode_S_int=\count273
\c__regex_catcode_L_int=\count274
\c__regex_catcode_O_int=\count275
\c__regex_catcode_A_int=\count276
\c__regex_all_catcodes_int=\count277
\l__regex_show_lines_int=\count278
\l__regex_min_state_int=\count279
\l__regex_max_state_int=\count280
\l__regex_left_state_int=\count281
\l__regex_right_state_int=\count282
\l__regex_capturing_group_int=\count283
\l__regex_min_pos_int=\count284
\l__regex_max_pos_int=\count285
\l__regex_curr_pos_int=\count286
\l__regex_start_pos_int=\count287
\l__regex_success_pos_int=\count288
\l__regex_curr_char_int=\count289
\l__regex_curr_catcode_int=\count290
\l__regex_last_char_int=\count291
\l__regex_case_changed_char_int=\count292
\l__regex_curr_state_int=\count293
\l__regex_step_int=\count294
\l__regex_min_active_int=\count295
\l__regex_max_active_int=\count296
\l__regex_replacement_csnames_int=\count297
\l__regex_match_count_int=\count298
\l__regex_min_submatch_int=\count299
\l__regex_submatch_int=\count300
\l__regex_zeroth_submatch_int=\count301
\g__regex_trace_regex_int=\count302
\c_empty_box=\box43
\l_tmpa_box=\box44
\l_tmpb_box=\box45
\g_tmpa_box=\box46
\g_tmpb_box=\box47
\l__box_top_dim=\dimen262
\l__box_bottom_dim=\dimen263
\l__box_left_dim=\dimen264
\l__box_right_dim=\dimen265
\l__box_top_new_dim=\dimen266
\l__box_bottom_new_dim=\dimen267
\l__box_left_new_dim=\dimen268
\l__box_right_new_dim=\dimen269
\l__box_internal_box=\box48
\l__coffin_internal_box=\box49
\l__coffin_internal_dim=\dimen270
\l__coffin_offset_x_dim=\dimen271
\l__coffin_offset_y_dim=\dimen272
\l__coffin_x_dim=\dimen273
\l__coffin_y_dim=\dimen274
\l__coffin_x_prime_dim=\dimen275
\l__coffin_y_prime_dim=\dimen276
\c_empty_coffin=\box50
\l__coffin_aligned_coffin=\box51
\l__coffin_aligned_internal_coffin=\box52
\l_tmpa_coffin=\box53
\l_tmpb_coffin=\box54
\g_tmpa_coffin=\box55
\g_tmpb_coffin=\box56
\l__coffin_bounding_shift_dim=\dimen277
\l__coffin_left_corner_dim=\dimen278
\l__coffin_right_corner_dim=\dimen279
\l__coffin_bottom_corner_dim=\dimen280
\l__coffin_top_corner_dim=\dimen281
\l__coffin_scaled_total_height_dim=\dimen282
\l__coffin_scaled_width_dim=\dimen283
\c__coffin_empty_coffin=\box57
\l__coffin_display_coffin=\box58
\l__coffin_display_coord_coffin=\box59
\l__coffin_display_pole_coffin=\box60
\l__coffin_display_offset_dim=\dimen284
\l__coffin_display_x_dim=\dimen285
\l__coffin_display_y_dim=\dimen286
\g__char_data_ior=\read2

("C:\Users\PJ2892!\AppData\Local\Programs\MiKTeX 2.9\tex/latex/l3kernel\l3depre
cation.def"
File: l3deprecation.def 2019-04-06 v L3 Deprecated functions
))
("C:\Users\PJ2892!\AppData\Local\Programs\MiKTeX 2.9\tex/latex/l3backend\l3back
end-pdfmode.def"
File: l3backend-pdfmode.def 2019-04-06 L3 backend support: PDF mode
\l__kernel_color_stack_int=\count303
\l__pdf_internal_box=\box61
))
Package: breqn 2019/10/15 v0.98g Breaking equations

("C:\Users\PJ2892!\AppData\Local\Programs\MiKTeX 2.9\tex/latex/breqn\flexisym.s
ty"
Package: flexisym 2019/10/15 v0.98g Make math characters macros
LaTeX Info: Redefining \textprime on input line 298.
LaTeX Info: Redefining \not on input line 356.

("C:\Users\PJ2892!\AppData\Local\Programs\MiKTeX 2.9\tex/latex/breqn\cmbase.sym
"
File: cmbase.sym 2007/12/19 v0.92
LaTeX Info: Redefining \hbar on input line 323.
LaTeX Info: Redefining \surd on input line 325.
LaTeX Info: Redefining \angle on input line 333.
LaTeX Info: Redefining \neq on input line 334.
LaTeX Info: Redefining \mapsto on input line 335.
LaTeX Info: Redefining \cong on input line 336.
LaTeX Info: Redefining \notin on input line 339.
LaTeX Info: Redefining \rightleftharpoons on input line 340.
LaTeX Info: Redefining \doteq on input line 341.
LaTeX Info: Redefining \hookrightarrow on input line 342.
LaTeX Info: Redefining \hookleftarrow on input line 343.
LaTeX Info: Redefining \bowtie on input line 344.
LaTeX Info: Redefining \models on input line 345.
LaTeX Info: Redefining \Longrightarrow on input line 346.
LaTeX Info: Redefining \longrightarrow on input line 347.
LaTeX Info: Redefining \Longleftarrow on input line 348.
LaTeX Info: Redefining \longleftarrow on input line 349.
LaTeX Info: Redefining \longmapsto on input line 350.
LaTeX Info: Redefining \longleftrightarrow on input line 351.
LaTeX Info: Redefining \Longleftrightarrow on input line 352.
LaTeX Info: Redefining \cdots on input line 356.
LaTeX Info: Redefining \vdots on input line 359.
LaTeX Info: Redefining \ddots on input line 364.
)
("C:\Users\PJ2892!\AppData\Local\Programs\MiKTeX 2.9\tex/latex/breqn\mathstyle.
sty"
Package: mathstyle 2019/10/15 v0.98g Tracking mathstyle implicitly
LaTeX Info: Redefining \displaystyle on input line 93.
LaTeX Info: Redefining \textstyle on input line 95.
LaTeX Info: Redefining \scriptstyle on input line 97.
LaTeX Info: Redefining \scriptscriptstyle on input line 99.
LaTeX Info: Redefining \genfrac on input line 145.
))
\inf@bad=\count304
\maxint=\count305
\listwidth=\dimen287
\eqnumsep=\dimen288
\eqmargin=\dimen289
\eqlinespacing=\skip69
\eqlineskip=\skip70
\eqlineskiplimit=\dimen290
\eqbinoffset=\muskip18
\eqdelimoffset=\muskip19
\eqindentstep=\dimen291
\eqstyle=\toks45
\eqbreakdepth=\count306
\eqinterlinepenalty=\count307
\intereqpenalty=\count308
\intereqskip=\skip71
\prerelpenalty=\count309
\prebinoppenalty=\count310
\Dmedmuskip=\muskip20
\Dthickmuskip=\muskip21
\eqleftskip=\skip72
\eqrightskip=\skip73
\eq@vspan=\skip74
\eq@binoffset=\muskip22
\EQ@box=\box62
\EQ@copy=\box63
\EQ@numbox=\box64
\eq@wdNum=\dimen292
\GRP@numbox=\box65
\grp@wdNum=\dimen293
\eq@lines=\count311
\eq@curline=\count312
\eq@badness=\count313
\EQ@vims=\count314
\eq@dp=\dimen294
\eq@wdL=\dimen295
\eq@wdT=\dimen296
\eq@wdMin=\dimen297
\grp@wdL=\dimen298
\grp@wdR=\dimen299
\grp@wdT=\dimen300
\eq@wdRmax=\dimen301
\eq@firstht=\dimen302
\eq@wdCond=\dimen303
\eq@indentstep=\dimen304
\eq@linewidth=\dimen305
\grp@linewidth=\dimen306
\eq@hshift=\dimen307
\eq@given@sidespace=\dimen308
\mathindent=\dimen309
\eq@final@linecount=\count315
\eq@wdR=\dimen310
\EQ@continue=\toks46
\lr@level=\count316
\GRP@queue=\toks47
\GRP@box=\box66
\GRP@wholebox=\box67
\darraycolsep=\skip75
\cur@row=\count317
\cur@col=\count318
\conditionsep=\skip76
)
("C:\Users\PJ2892!\AppData\Local\Programs\MiKTeX 2.9\tex/latex/mathtools\mathto
ols.sty"
Package: mathtools 2019/07/31 v1.22 mathematical typesetting tools

("C:\Users\PJ2892!\AppData\Local\Programs\MiKTeX 2.9\tex/latex/mathtools\mhsetu
p.sty"
Package: mhsetup 2017/03/31 v1.3 programming setup (MH)
)
LaTeX Info: Thecontrolsequence`\('isalreadyrobust on input line 129.
LaTeX Info: Thecontrolsequence`\)'isalreadyrobust on input line 129.
LaTeX Info: Thecontrolsequence`\['isalreadyrobust on input line 129.
LaTeX Info: Thecontrolsequence`\]'isalreadyrobust on input line 129.
\g_MT_multlinerow_int=\count319
\l_MT_multwidth_dim=\dimen311
\origjot=\skip77
\l_MT_shortvdotswithinadjustabove_dim=\dimen312
\l_MT_shortvdotswithinadjustbelow_dim=\dimen313
\l_MT_above_intertext_sep=\dimen314
\l_MT_below_intertext_sep=\dimen315
\l_MT_above_shortintertext_sep=\dimen316
\l_MT_below_shortintertext_sep=\dimen317
)
("C:\Users\PJ2892!\AppData\Local\Programs\MiKTeX 2.9\tex/latex/enumitem\enumite
m.sty"
Package: enumitem 2019/06/20 v3.9 Customized lists
\labelindent=\skip78
\enit@outerparindent=\dimen318
\enit@toks=\toks48
\enit@inbox=\box68
\enit@count@id=\count320
\enitdp@description=\count321
)
("C:\Users\PJ2892!\AppData\Local\Programs\MiKTeX 2.9\tex/latex/tikz-qtree\tikz-
qtree.sty"
("C:\Users\PJ2892!\AppData\Local\Programs\MiKTeX 2.9\tex/latex/tikz-qtree\pgftr
ee.sty"
("C:\Users\PJ2892!\AppData\Local\Programs\MiKTeX 2.9\tex/latex/tikz-qtree\pgfsu
bpic.sty"
("C:\Users\PJ2892!\AppData\Local\Programs\MiKTeX 2.9\tex/generic/tikz-qtree\pgf
subpic.tex"
\pgf@subpicminx=\dimen319
\pgf@subpicminy=\dimen320
\pgf@subpicmaxx=\dimen321
\pgf@subpicmaxy=\dimen322
))
("C:\Users\PJ2892!\AppData\Local\Programs\MiKTeX 2.9\tex/generic/tikz-qtree\pgf
tree.tex"
\levelsep=\dimen323
\subtreesep=\dimen324
\smuggle@levelsep=\dimen325
\smuggle@subtreesep=\dimen326
\this@levelsep=\dimen327
\this@subtreesep=\dimen328
\pgftree@childx=\dimen329
\pgftree@savechildx=\dimen330
\pgftree@childy=\dimen331
\pgftree@savechildy=\dimen332
\pgftree@childi=\count322
\pgftree@savechildi=\count323
\pgftree@level=\count324
\pgftree@depth=\dimen333
\pgf@subpic@hbox@children=\box69
\pgf@subpic@minx@children=\dimen334
\pgf@subpic@miny@children=\dimen335
\pgf@subpic@maxx@children=\dimen336
\pgf@subpic@maxy@children=\dimen337
\pgftree@lastchildx=\dimen338
\pgftree@lastchildy=\dimen339
))
("C:\Users\PJ2892!\AppData\Local\Programs\MiKTeX 2.9\tex/generic/tikz-qtree\tik
z-qtree.tex"
\@result=\toks49
\child@list=\toks50
\root@node=\toks51
))
("C:\Users\PJ2892!\AppData\Local\Programs\MiKTeX 2.9\tex/latex/tools\bm.sty"
Package: bm 2019/07/24 v1.2d Bold Symbol Support (DPC/FMi)
\symboldoperators=\mathgroup6
\symboldletters=\mathgroup7
\symboldsymbols=\mathgroup8
LaTeX Font Info:    Redeclaring math alphabet \mathbf on input line 141.
LaTeX Info: Redefining \bm on input line 209.
)
("C:\Users\PJ2892!\AppData\Local\Programs\MiKTeX 2.9\tex/latex/scalerel\scalere
l.sty"
Package: scalerel 2016/12/29 v1.8 Routines for constrained scaling and stretchi
ng of objects, relative to a reference object or in absolute terms
\thesrwidth=\skip79
\thesrheight=\skip80
\srblobheight=\skip81
\srblobdepth=\skip82
\mnxsrwidth=\skip83
\LMex=\skip84
\LMpt=\skip85
)
("C:\Users\PJ2892!\AppData\Local\Programs\MiKTeX 2.9\tex/latex/stackengine\stac
kengine.sty"
Package: stackengine 2017/02/13 v4.01\ Stacking text and objects in convenient 
ways

("C:\Users\PJ2892!\AppData\Local\Programs\MiKTeX 2.9\tex/latex/listofitems\list
ofitems.sty"
("C:\Users\PJ2892!\AppData\Local\Programs\MiKTeX 2.9\tex/generic/listofitems\li
stofitems.tex"
\loi_cnt_foreach_nest=\count325
\loi_nestcnt=\count326
)
Package: listofitems 2019/08/21 v1.63 Grab items in lists using user-specified 
sep char (CT)
)
\c@@stackindex=\count327
\@boxshift=\skip86
\stack@tmplength=\skip87
\temp@stkl=\skip88
\@stackedboxwidth=\skip89
\@addedbox=\box70
\@anchorbox=\box71
\stackedbox=\box72
\@centerbox=\box73
\c@ROWcellindex@=\count328
)
("C:\Users\PJ2892!\AppData\Local\Programs\MiKTeX 2.9\tex/latex/blkarray\blkarra
y.sty"
Package: blkarray 2015/02/27 v0.07 Block array (dpc)
\c@BAenumi=\count329
\BA@col=\count330
\BA@block@cnt=\count331
\BA@final@box=\box74
\BA@first@box=\box75
\BA@colsep=\dimen340
\BA@ftn=\toks52
\BAextrarowheight=\dimen341
\BAextraheightafterhline=\dimen342
\BAarrayrulewidth=\dimen343
\BAdoublerulesep=\dimen344
\BAfootskip=\dimen345
\BA@dashbox=\box76
\BA@ddashbox=\box77
)
("C:\Users\PJ2892!\AppData\Local\Programs\MiKTeX 2.9\tex/latex/appendix\appendi
x.sty"
Package: appendix 2020/02/08 v1.2c extra appendix facilities
\c@@pps=\count332
\c@@ppsavesec=\count333
\c@@ppsaveapp=\count334
)
Package hyperref Info: Option `colorlinks' set `true' on input line 40.
Package hyperref Info: Option `final' set `true' on input line 40.
\mybox=\box78
\mysim=\box79
 ("An Analysis of Model-Agnostic Interpretability ML Techniques.aux")
\openout1 = `"An Analysis of Model-Agnostic Interpretability ML Techniques.aux"
'.

LaTeX Font Info:    Checking defaults for OML/cmm/m/it on input line 92.
LaTeX Font Info:    ... okay on input line 92.
LaTeX Font Info:    Checking defaults for T1/cmr/m/n on input line 92.
LaTeX Font Info:    ... okay on input line 92.
LaTeX Font Info:    Checking defaults for OT1/cmr/m/n on input line 92.
LaTeX Font Info:    ... okay on input line 92.
LaTeX Font Info:    Checking defaults for OMS/cmsy/m/n on input line 92.
LaTeX Font Info:    ... okay on input line 92.
LaTeX Font Info:    Checking defaults for OMX/cmex/m/n on input line 92.
LaTeX Font Info:    ... okay on input line 92.
LaTeX Font Info:    Checking defaults for U/cmr/m/n on input line 92.
LaTeX Font Info:    ... okay on input line 92.
LaTeX Font Info:    Checking defaults for PD1/pdf/m/n on input line 92.
LaTeX Font Info:    ... okay on input line 92.

*geometry* driver: auto-detecting
*geometry* detected driver: pdftex
*geometry* verbose mode - [ preamble ] result:
* driver: pdftex
* paper: a4paper
* layout: <same size as paper>
* layoutoffset:(h,v)=(0.0pt,0.0pt)
* modes: 
* h-part:(L,W,R)=(71.13188pt, 455.24411pt, 71.13188pt)
* v-part:(T,H,B)=(71.13188pt, 717.00946pt, 56.9055pt)
* \paperwidth=597.50787pt
* \paperheight=845.04684pt
* \textwidth=455.24408pt
* \textheight=668.63976pt
* \oddsidemargin=0.0pt
* \evensidemargin=-1.1381pt
* \topmargin=-28.45274pt
* \headheight=12.0pt
* \headsep=25.0pt
* \topskip=11.0pt
* \footskip=28.45274pt
* \marginparwidth=50.0pt
* \marginparsep=10.0pt
* \columnsep=10.0pt
* \skip\footins=10.0pt plus 4.0pt minus 2.0pt
* \hoffset=0.0pt
* \voffset=0.0pt
* \mag=1000
* \@twocolumnfalse
* \@twosidefalse
* \@mparswitchfalse
* \@reversemarginfalse
* (1in=72.27pt=25.4mm, 1cm=28.453pt)


("C:\Users\PJ2892!\AppData\Local\Programs\MiKTeX 2.9\tex/context/base/mkii\supp
-pdf.mkii"
[Loading MPS to PDF converter (version 2006.09.02).]
\scratchcounter=\count335
\scratchdimen=\dimen346
\scratchbox=\box80
\nofMPsegments=\count336
\nofMParguments=\count337
\everyMPshowfont=\toks53
\MPscratchCnt=\count338
\MPscratchDim=\dimen347
\MPnumerator=\count339
\makeMPintoPDFobject=\count340
\everyMPtoPDFconversion=\toks54
)
("C:\Users\PJ2892!\AppData\Local\Programs\MiKTeX 2.9\tex/latex/epstopdf-pkg\eps
topdf-base.sty"
Package: epstopdf-base 2019-11-30 v2.9 Base part for package epstopdf

("C:\Users\PJ2892!\AppData\Local\Programs\MiKTeX 2.9\tex/latex/oberdiek\grfext.
sty"
Package: grfext 2016/05/16 v1.2 Manage graphics extensions (HO)
)
Package epstopdf-base Info: Redefining graphics rule for `.eps' on input line 4
85.
Package grfext Info: Graphics extension search list:
(grfext)             [.pdf,.png,.jpg,.mps,.jpeg,.jbig2,.jb2,.PDF,.PNG,.JPG,.JPE
G,.JBIG2,.JB2,.eps]
(grfext)             \AppendGraphicsExtensions on input line 504.
)
\AtBeginShipoutBox=\box81
Package hyperref Info: Link coloring ON on input line 92.
LaTeX Info: Redefining \ref on input line 92.
LaTeX Info: Redefining \pageref on input line 92.
LaTeX Info: Redefining \nameref on input line 92.
 ("An Analysis of Model-Agnostic Interpretability ML Techniques.out")
("An Analysis of Model-Agnostic Interpretability ML Techniques.out")
\@outlinefile=\write4
\openout4 = `"An Analysis of Model-Agnostic Interpretability ML Techniques.out"
'.

LaTeX Info: Redefining \microtypecontext on input line 92.
Package microtype Info: Generating PDF output.
Package microtype Info: Character protrusion enabled (level 2).
Package microtype Info: Using default protrusion set `alltext'.
Package microtype Info: Automatic font expansion enabled (level 2),
(microtype)             stretch: 20, shrink: 20, step: 1, non-selected.
Package microtype Info: Using default expansion set `basictext'.
LaTeX Info: Redefining \showhyphens on input line 92.
Package microtype Info: No adjustment of tracking.
Package microtype Info: No adjustment of interword spacing.
Package microtype Info: No adjustment of character kerning.

("C:\Users\PJ2892!\AppData\Local\Programs\MiKTeX 2.9\tex/latex/microtype\mt-cmr
.cfg"
File: mt-cmr.cfg 2013/05/19 v2.2 microtype config. file: Computer Modern Roman 
(RS)
) ABD: EveryShipout initializing macros
Package caption Info: Begin \AtBeginDocument code.
Package caption Info: End \AtBeginDocument code.
LaTeX Font Info:    Trying to load font information for U+msa on input line 106
.

("C:\Users\PJ2892!\AppData\Local\Programs\MiKTeX 2.9\tex/latex/amsfonts\umsa.fd
"
File: umsa.fd 2013/01/14 v3.01 AMS symbols A
)
("C:\Users\PJ2892!\AppData\Local\Programs\MiKTeX 2.9\tex/latex/microtype\mt-msa
.cfg"
File: mt-msa.cfg 2006/02/04 v1.1 microtype config. file: AMS symbols (a) (RS)
)
LaTeX Font Info:    Trying to load font information for U+msb on input line 106
.

("C:\Users\PJ2892!\AppData\Local\Programs\MiKTeX 2.9\tex/latex/amsfonts\umsb.fd
"
File: umsb.fd 2013/01/14 v3.01 AMS symbols B
)
("C:\Users\PJ2892!\AppData\Local\Programs\MiKTeX 2.9\tex/latex/microtype\mt-msb
.cfg"
File: mt-msb.cfg 2005/06/01 v1.0 microtype config. file: AMS symbols (b) (RS)
) [1

{C:/Users/PJ2892!/AppData/Local/MiKTeX/2.9/pdftex/config/pdftex.map}]pdfTeX war
ning (ext4): destination with the same identifier (name{page.1}) has been alrea
dy used, duplicate ignored
<to be read again> 
                   \relax 
l.126 \newpage\null\thispagestyle{empty}\newpage
                                                 [1]
("An Analysis of Model-Agnostic Interpretability ML Techniques.toc" [2])
\tf@toc=\write5
\openout5 = `"An Analysis of Model-Agnostic Interpretability ML Techniques.toc"
'.


[3] ("An Analysis of Model-Agnostic Interpretability ML Techniques.lof")
\tf@lof=\write6
\openout6 = `"An Analysis of Model-Agnostic Interpretability ML Techniques.lof"
'.


("An Analysis of Model-Agnostic Interpretability ML Techniques.lot")
\tf@lot=\write7
\openout7 = `"An Analysis of Model-Agnostic Interpretability ML Techniques.lot"
'.

 [4]
[5] [6]pdfTeX warning (ext4): destination with the same identifier (name{page.1
}) has been already used, duplicate ignored
<to be read again> 
                   \relax 
l.197 
       [1] [2] [3] [4] [5] [6] [7] [8] [9] [10] [11] [12] [13] [14] [15]
[16] [17] [18] [19] [20] [21] [22] [23] [24] [25] [26] [27] [28] [29] [30]
[31] [32] [33] [34] [35] [36] [37] [38] [39]
Overfull \hbox (9.64612pt too wide) in paragraph at lines 505--518
 [][] 
 []

[40]
Package microtype Info: Loading generic protrusion settings for font family
(microtype)             `cmtt' (encoding: OT1).
(microtype)             For optimal results, create family-specific settings.
(microtype)             See the microtype manual for details.
<images/../figures/fig_0_haliotis_rubra.png, id=2131, 2746.26pt x 2059.695pt>
File: images/../figures/fig_0_haliotis_rubra.png Graphic file (type png)
<use images/../figures/fig_0_haliotis_rubra.png>
Package pdftex.def Info: images/../figures/fig_0_haliotis_rubra.png  used on in
put line 529.
(pdftex.def)             Requested size: 227.62204pt x 170.6875pt.

Underfull \hbox (badness 7595) in paragraph at lines 531--531
[]|\OT1/cmr/m/it/10 (+20) Source: [][]South-wood[][] ([][]2014[][]), see [][]$\
OT1/cmtt/m/it/10 https : / / en . wikipedia . org / wiki / Haliotis # /media / 
File :
 []

[41 <./images/../figures/fig_0_haliotis_rubra.png>] [42]
Overfull \hbox (1.27762pt too wide) in paragraph at lines 585--586
 [][] 
 []

[43]
Overfull \hbox (16.96928pt too wide) in paragraph at lines 609--610
 [][] 
 []

[44] [45] [46] [47] [48] [49] [50]
<images/../figures/fig_1_abalone_coeff_plot_lm.png, id=2279, 614.295pt x 433.62
pt>
File: images/../figures/fig_1_abalone_coeff_plot_lm.png Graphic file (type png)

<use images/../figures/fig_1_abalone_coeff_plot_lm.png>
Package pdftex.def Info: images/../figures/fig_1_abalone_coeff_plot_lm.png  use
d on input line 718.
(pdftex.def)             Requested size: 364.19664pt x 257.0841pt.
 [51 <./images/../figures/fig_1_abalone_coeff_plot_lm.png>]
<images/../figures/fig_2_abalone_effect_plot_lm_obs28.png, id=2295, 1919.67188p
t x 1355.0625pt>
File: images/../figures/fig_2_abalone_effect_plot_lm_obs28.png Graphic file (ty
pe png)
<use images/../figures/fig_2_abalone_effect_plot_lm_obs28.png>
Package pdftex.def Info: images/../figures/fig_2_abalone_effect_plot_lm_obs28.p
ng  used on input line 730.
(pdftex.def)             Requested size: 364.19664pt x 257.0717pt.


LaTeX Warning: `!h' float specifier changed to `!ht'.

[52] [53 <./images/../figures/fig_2_abalone_effect_plot_lm_obs28.png>] [54]
[55] [56]
<images/../figures/fig_4_DT1_abalone_plot.png, id=2359, 840.89156pt x 383.93437
pt>
File: images/../figures/fig_4_DT1_abalone_plot.png Graphic file (type png)
<use images/../figures/fig_4_DT1_abalone_plot.png>
Package pdftex.def Info: images/../figures/fig_4_DT1_abalone_plot.png  used on 
input line 823.
(pdftex.def)             Requested size: 455.24408pt x 207.85457pt.
 [57 <./images/../figures/fig_4_DT1_abalone_plot.png>] [58] [59]
[60]
<images/../figures/fig_5_PDP_1_Overview_WW_SW_LE_SEX_Rings.png, id=2442, 1011.7
8pt x 722.7pt>
File: images/../figures/fig_5_PDP_1_Overview_WW_SW_LE_SEX_Rings.png Graphic fil
e (type png)
<use images/../figures/fig_5_PDP_1_Overview_WW_SW_LE_SEX_Rings.png>
Package pdftex.def Info: images/../figures/fig_5_PDP_1_Overview_WW_SW_LE_SEX_Ri
ngs.png  used on input line 866.
(pdftex.def)             Requested size: 386.96024pt x 276.40428pt.
 [61 <./images/../figures/fig_5_PDP_1_Overview_WW_SW_LE_SEX_Rings.png>]
[62]
<images/../figures/fig_6_PDP_2_TWODIM_WW_SW.png, id=2464, 501.875pt x 501.875pt
>
File: images/../figures/fig_6_PDP_2_TWODIM_WW_SW.png Graphic file (type png)
<use images/../figures/fig_6_PDP_2_TWODIM_WW_SW.png>
Package pdftex.def Info: images/../figures/fig_6_PDP_2_TWODIM_WW_SW.png  used o
n input line 882.
(pdftex.def)             Requested size: 318.66946pt x 318.68707pt.
 [63] [64 <./images/../figures/fig_6_PDP_2_TWODIM_WW_SW.png>]
<images/../figures/fig_9_PDP_THREE_DIM_WW_SW_LE_AgeCat.png, id=2476, 1003.75pt 
x 1003.75pt>
File: images/../figures/fig_9_PDP_THREE_DIM_WW_SW_LE_AgeCat.png Graphic file (t
ype png)
<use images/../figures/fig_9_PDP_THREE_DIM_WW_SW_LE_AgeCat.png>
Package pdftex.def Info: images/../figures/fig_9_PDP_THREE_DIM_WW_SW_LE_AgeCat.
png  used on input line 892.
(pdftex.def)             Requested size: 318.66946pt x 318.66411pt.
 [65 <./images/../figures/fig_9_PDP_THREE_DIM_WW_SW_LE_AgeCat.png>]
<images/../figures/fig_7_PDP_1_Overview_WW_SW_LE_SEX_AgeCat.png, id=2484, 722.7
pt x 722.7pt>
File: images/../figures/fig_7_PDP_1_Overview_WW_SW_LE_SEX_AgeCat.png Graphic fi
le (type png)
<use images/../figures/fig_7_PDP_1_Overview_WW_SW_LE_SEX_AgeCat.png>
Package pdftex.def Info: images/../figures/fig_7_PDP_1_Overview_WW_SW_LE_SEX_Ag
eCat.png  used on input line 902.
(pdftex.def)             Requested size: 318.66946pt x 318.67268pt.
 [66 <./images/../figures/fig_7_PDP_1_Overview_WW_SW_LE_SEX_AgeCat.png>]
<images/../figures/fig_8_PDP_2_TWODIM_WW_SW_AgeCat.png, id=2494, 803.0pt x 803.
0pt>
File: images/../figures/fig_8_PDP_2_TWODIM_WW_SW_AgeCat.png Graphic file (type 
png)
<use images/../figures/fig_8_PDP_2_TWODIM_WW_SW_AgeCat.png>
Package pdftex.def Info: images/../figures/fig_8_PDP_2_TWODIM_WW_SW_AgeCat.png 
 used on input line 914.
(pdftex.def)             Requested size: 318.66946pt x 318.67024pt.


LaTeX Warning: `!h' float specifier changed to `!ht'.

[67] [68 <./images/../figures/fig_8_PDP_2_TWODIM_WW_SW_AgeCat.png>] [69]
[70] [71]
<images/../figures/fig_10_ICE_WW_SW_LE_SE_Overview.png, id=2561, 722.7pt x 722.
7pt>
File: images/../figures/fig_10_ICE_WW_SW_LE_SE_Overview.png Graphic file (type 
png)
<use images/../figures/fig_10_ICE_WW_SW_LE_SE_Overview.png>
Package pdftex.def Info: images/../figures/fig_10_ICE_WW_SW_LE_SE_Overview.png 
 used on input line 957.
(pdftex.def)             Requested size: 364.19664pt x 364.1942pt.
 [72 <./images/../figures/fig_10_ICE_WW_SW_LE_SE_Overview.png>]
<images/../figures/fig_11_ICE_WW_SW_LE_SE_Overview_AgeCat.png, id=2572, 722.7pt
 x 722.7pt>
File: images/../figures/fig_11_ICE_WW_SW_LE_SE_Overview_AgeCat.png Graphic file
 (type png)
<use images/../figures/fig_11_ICE_WW_SW_LE_SE_Overview_AgeCat.png>
Package pdftex.def Info: images/../figures/fig_11_ICE_WW_SW_LE_SE_Overview_AgeC
at.png  used on input line 967.
(pdftex.def)             Requested size: 364.19664pt x 364.1942pt.

[73] [74 <./images/../figures/fig_11_ICE_WW_SW_LE_SE_Overview_AgeCat.png>]
<images/../figures/fig_12_cICE_SW.png, id=2589, 722.7pt x 722.7pt>
File: images/../figures/fig_12_cICE_SW.png Graphic file (type png)
<use images/../figures/fig_12_cICE_SW.png>
Package pdftex.def Info: images/../figures/fig_12_cICE_SW.png  used on input li
ne 979.
(pdftex.def)             Requested size: 433.62334pt x 433.62334pt.
<images/../figures/fig_13_dICE_WW.png, id=2595, 376.40625pt x 376.40625pt>
File: images/../figures/fig_13_dICE_WW.png Graphic file (type png)
<use images/../figures/fig_13_dICE_WW.png>
Package pdftex.def Info: images/../figures/fig_13_dICE_WW.png  used on input li
ne 989.
(pdftex.def)             Requested size: 225.84547pt x 225.84547pt.

[75 <./images/../figures/fig_12_cICE_SW.png>] [76 <./images/../figures/fig_13_d
ICE_WW.png>] [77] [78]
<images/../figures/fig_14_ALE_OV_RINGS.png, id=2639, 722.7pt x 722.7pt>
File: images/../figures/fig_14_ALE_OV_RINGS.png Graphic file (type png)
<use images/../figures/fig_14_ALE_OV_RINGS.png>
Package pdftex.def Info: images/../figures/fig_14_ALE_OV_RINGS.png  used on inp
ut line 1025.
(pdftex.def)             Requested size: 433.62334pt x 433.62334pt.
 [79] [80 <./images/../figures/fig_14_ALE_OV_RINGS.png>]
<images/../figures/fig_15_ALE_SO_WW_SW.png, id=2656, 722.7pt x 722.7pt>
File: images/../figures/fig_15_ALE_SO_WW_SW.png Graphic file (type png)
<use images/../figures/fig_15_ALE_SO_WW_SW.png>
Package pdftex.def Info: images/../figures/fig_15_ALE_SO_WW_SW.png  used on inp
ut line 1037.
(pdftex.def)             Requested size: 433.62334pt x 433.62334pt.

[81] [82 <./images/../figures/fig_15_ALE_SO_WW_SW.png (PNG copy)>]
<images/../figures/fig_16_ALE_OV_AGECAT.png.png, id=2671, 722.7pt x 722.7pt>
File: images/../figures/fig_16_ALE_OV_AGECAT.png.png Graphic file (type png)
<use images/../figures/fig_16_ALE_OV_AGECAT.png.png>
Package pdftex.def Info: images/../figures/fig_16_ALE_OV_AGECAT.png.png  used o
n input line 1047.
(pdftex.def)             Requested size: 433.62334pt x 433.62334pt.
 [83]
<images/../figures/fig_17_ALE_SO_WW_SW_AGECAT.png, id=2679, 722.7pt x 722.7pt>
File: images/../figures/fig_17_ALE_SO_WW_SW_AGECAT.png Graphic file (type png)
<use images/../figures/fig_17_ALE_SO_WW_SW_AGECAT.png>
Package pdftex.def Info: images/../figures/fig_17_ALE_SO_WW_SW_AGECAT.png  used
 on input line 1057.
(pdftex.def)             Requested size: 433.62334pt x 433.62334pt.

[84 <./images/../figures/fig_16_ALE_OV_AGECAT.png.png>] [85 <./images/../figure
s/fig_17_ALE_SO_WW_SW_AGECAT.png (PNG copy)>] [86] [87] [88]
<images/../figures/fig_18_surrogate_tree.png, id=2759, 602.25pt x 435.87843pt>
File: images/../figures/fig_18_surrogate_tree.png Graphic file (type png)
<use images/../figures/fig_18_surrogate_tree.png>
Package pdftex.def Info: images/../figures/fig_18_surrogate_tree.png  used on i
nput line 1145.
(pdftex.def)             Requested size: 455.24408pt x 329.49524pt.
 [89] [90] [91 <./images/../figures/fig_18_surrogate_tree.png>] [92]

Package hyperref Warning: Token not allowed in a PDF string (PDFDocEncoding):
(hyperref)                removing `\begingroup' on input line 1159.


Package hyperref Warning: Token not allowed in a PDF string (PDFDocEncoding):
(hyperref)                removing `\let' on input line 1159.


Package hyperref Warning: Token not allowed in a PDF string (PDFDocEncoding):
(hyperref)                removing `\<let>-command' on input line 1159.


Package hyperref Warning: Token not allowed in a PDF string (PDFDocEncoding):
(hyperref)                removing `\NAT@ctype' on input line 1159.


Package hyperref Warning: Token not allowed in a PDF string (PDFDocEncoding):
(hyperref)                removing `\z@' on input line 1159.


Package hyperref Warning: Token not allowed in a PDF string (PDFDocEncoding):
(hyperref)                removing `\let' on input line 1159.


Package hyperref Warning: Token not allowed in a PDF string (PDFDocEncoding):
(hyperref)                removing `\<let>-command' on input line 1159.


Package hyperref Warning: Token not allowed in a PDF string (PDFDocEncoding):
(hyperref)                removing `\<def>-command' on input line 1159.


Package hyperref Warning: Token not allowed in a PDF string (PDFDocEncoding):
(hyperref)                removing `\@tempa' on input line 1159.


Package hyperref Warning: Token not allowed in a PDF string (PDFDocEncoding):
(hyperref)                removing `\<def>-command' on input line 1159.


Package hyperref Warning: Token not allowed in a PDF string (PDFDocEncoding):
(hyperref)                removing `\@tempb' on input line 1159.


Package hyperref Warning: Token not allowed in a PDF string (PDFDocEncoding):
(hyperref)                removing `\<let>-command' on input line 1159.


Package hyperref Warning: Token not allowed in a PDF string (PDFDocEncoding):
(hyperref)                removing `\kernel@ifnextchar' on input line 1159.

[93] [94]

LaTeX Warning: No positions in optional float specifier.
               Default added (so using `tbp') on input line 1181.

<images/../figures/fig_19_lime_Rings.png, id=2820, 505.89pt x 505.89pt>
File: images/../figures/fig_19_lime_Rings.png Graphic file (type png)
<use images/../figures/fig_19_lime_Rings.png>
Package pdftex.def Info: images/../figures/fig_19_lime_Rings.png  used on input
 line 1199.
(pdftex.def)             Requested size: 364.19664pt x 364.20192pt.
[95] [96 <./images/../figures/fig_19_lime_Rings.png>]
<images/../figures/fig_20_lime_AgeCat.png, id=2837, 505.89pt x 505.89pt>
File: images/../figures/fig_20_lime_AgeCat.png Graphic file (type png)
<use images/../figures/fig_20_lime_AgeCat.png>
Package pdftex.def Info: images/../figures/fig_20_lime_AgeCat.png  used on inpu
t line 1209.
(pdftex.def)             Requested size: 364.19664pt x 364.20192pt.
 [97 <./images/../figures/fig_20_lime_AgeCat.png>] [98] [99] [100] [101] [102] 
[103] [104] [105] [106]
[107] [108] [109]
<images/../figures/app_0_fig_abalone_effect_plot_lm_norm.png, id=2980, 614.295p
t x 433.62pt>
File: images/../figures/app_0_fig_abalone_effect_plot_lm_norm.png Graphic file 
(type png)
<use images/../figures/app_0_fig_abalone_effect_plot_lm_norm.png>
Package pdftex.def Info: images/../figures/app_0_fig_abalone_effect_plot_lm_nor
m.png  used on input line 1336.
(pdftex.def)             Requested size: 364.19664pt x 257.0841pt.
 [110 <./images/../figures/app_0_fig_abalone_effect_plot_lm_norm.png>]
<images/../figures/appendix_fig_1_PDP_3_TWODIM_WW_SEX.png, id=2990, 602.25pt x 
401.5pt>
File: images/../figures/appendix_fig_1_PDP_3_TWODIM_WW_SEX.png Graphic file (ty
pe png)
<use images/../figures/appendix_fig_1_PDP_3_TWODIM_WW_SEX.png>
Package pdftex.def Info: images/../figures/appendix_fig_1_PDP_3_TWODIM_WW_SEX.p
ng  used on input line 1348.
(pdftex.def)             Requested size: 318.66946pt x 212.4509pt.
 [111 <./images/../figures/appendix_fig_1_PDP_3_TWODIM_WW_SEX.png>]
<images/../figures/appendix_fig_2_PDP_4_TWODIM_WW_LE.png, id=2997, 501.875pt x 
501.875pt>
File: images/../figures/appendix_fig_2_PDP_4_TWODIM_WW_LE.png Graphic file (typ
e png)
<use images/../figures/appendix_fig_2_PDP_4_TWODIM_WW_LE.png>
Package pdftex.def Info: images/../figures/appendix_fig_2_PDP_4_TWODIM_WW_LE.pn
g  used on input line 1360.
(pdftex.def)             Requested size: 318.66946pt x 318.68707pt.

[112 <./images/../figures/appendix_fig_2_PDP_4_TWODIM_WW_LE.png>]
<images/../figures/appendix_fig_3_PDP_3_TWODIM_WW_SEX_AgeCat.png, id=3005, 803.
0pt x 803.0pt>
File: images/../figures/appendix_fig_3_PDP_3_TWODIM_WW_SEX_AgeCat.png Graphic f
ile (type png)
<use images/../figures/appendix_fig_3_PDP_3_TWODIM_WW_SEX_AgeCat.png>
Package pdftex.def Info: images/../figures/appendix_fig_3_PDP_3_TWODIM_WW_SEX_A
geCat.png  used on input line 1372.
(pdftex.def)             Requested size: 318.66946pt x 318.67024pt.
<images/../figures/appendix_fig_4_PDP_4_TWODIM_WW_LE_AgeCat.png, id=3008, 803.0
pt x 803.0pt>
File: images/../figures/appendix_fig_4_PDP_4_TWODIM_WW_LE_AgeCat.png Graphic fi
le (type png)
<use images/../figures/appendix_fig_4_PDP_4_TWODIM_WW_LE_AgeCat.png>
Package pdftex.def Info: images/../figures/appendix_fig_4_PDP_4_TWODIM_WW_LE_Ag
eCat.png  used on input line 1382.
(pdftex.def)             Requested size: 318.66946pt x 318.67024pt.
 [113 <./images/../figures/appendix_fig_3_PDP_3_TWODIM_WW_SEX_AgeCat.png>] [114
 <./images/../figures/appendix_fig_4_PDP_4_TWODIM_WW_LE_AgeCat.png>]
<images/../figures/app2_1_PDP_example.png, id=3024, 722.7pt x 289.08pt>
File: images/../figures/app2_1_PDP_example.png Graphic file (type png)
<use images/../figures/app2_1_PDP_example.png>
Package pdftex.def Info: images/../figures/app2_1_PDP_example.png  used on inpu
t line 1411.
(pdftex.def)             Requested size: 386.96024pt x 154.78198pt.
 [115 <./images/../figures/app2_1_PDP_example.png>] [116] [117]
Overfull \hbox (55.40782pt too wide) detected at line 1462
[]
 []

[118

] [119

] [120]
("An Analysis of Model-Agnostic Interpretability ML Techniques.bbl"
Underfull \hbox (badness 5403) in paragraph at lines 16--20
[]\OT1/cmr/m/n/10.95 (+20) Alang, N. (2017).  Turns out al-go-rithms are racist
.  \OT1/cmr/m/it/10.95 (+20) The New Re-pub-lic at
 []

[121] [122] [123] [124] [125] [126] [127] [128] [129] [130] [131] [132]
[133]) [134]
Underfull \hbox (badness 10000) in paragraph at lines 1553--1555

 []


Underfull \hbox (badness 10000) in paragraph at lines 1556--1558

 []


Underfull \hbox (badness 10000) in paragraph at lines 1559--1561

 []


Underfull \hbox (badness 10000) in paragraph at lines 1562--1564

 []


Underfull \hbox (badness 10000) in paragraph at lines 1565--1567

 []


Underfull \hbox (badness 10000) in paragraph at lines 1568--1570

 []


Underfull \hbox (badness 10000) in paragraph at lines 1571--1573

 []

[135] [136]
Package atveryend Info: Empty hook `BeforeClearDocument' on input line 1593.
Package atveryend Info: Empty hook `AfterLastShipout' on input line 1593.
 ("An Analysis of Model-Agnostic Interpretability ML Techniques.aux")
Package atveryend Info: Executing hook `AtVeryEndDocument' on input line 1593.
Package atveryend Info: Executing hook `AtEndAfterFileList' on input line 1593.

Package rerunfilecheck Info: File `"An Analysis of Model-Agnostic Interpretabil
ity ML Techniques".out' has not changed.
(rerunfilecheck)             Checksum: 1B6E416627EFEA9B99093A2A5D53C5D0;5144.


LaTeX Warning: Label(s) may have changed. Rerun to get cross-references right.

Package atveryend Info: Empty hook `AtVeryVeryEnd' on input line 1593.
 ) 
Here is how much of TeX's memory you used:
 35136 strings out of 492450
 656630 string characters out of 3119071
 726569 words of memory out of 3000000
 37987 multiletter control sequences out of 15000+200000
 565738 words of font info for 276 fonts, out of 3000000 for 9000
 1141 hyphenation exceptions out of 8191
 60i,17n,67p,3221b,963s stack positions out of 5000i,500n,10000p,200000b,50000s
<C:/Users/PJ2892!/AppData/Local/Programs/MiKTeX 2.9/fonts/type1/public/amsfon
ts/cm/cmbx10.pfb><C:/Users/PJ2892!/AppData/Local/Programs/MiKTeX 2.9/fonts/type
1/public/amsfonts/cm/cmbx12.pfb><C:/Users/PJ2892!/AppData/Local/Programs/MiKTeX
 2.9/fonts/type1/public/amsfonts/cm/cmex10.pfb><C:/Users/PJ2892!/AppData/Local/
Programs/MiKTeX 2.9/fonts/type1/public/amsfonts/cm/cmitt10.pfb><C:/Users/PJ2892
!/AppData/Local/Programs/MiKTeX 2.9/fonts/type1/public/amsfonts/cm/cmmi10.pfb><
C:/Users/PJ2892!/AppData/Local/Programs/MiKTeX 2.9/fonts/type1/public/amsfonts/
cm/cmmi5.pfb><C:/Users/PJ2892!/AppData/Local/Programs/MiKTeX 2.9/fonts/type1/pu
blic/amsfonts/cm/cmmi6.pfb><C:/Users/PJ2892!/AppData/Local/Programs/MiKTeX 2.9/
fonts/type1/public/amsfonts/cm/cmmi7.pfb><C:/Users/PJ2892!/AppData/Local/Progra
ms/MiKTeX 2.9/fonts/type1/public/amsfonts/cm/cmmi8.pfb><C:/Users/PJ2892!/AppDat
a/Local/Programs/MiKTeX 2.9/fonts/type1/public/amsfonts/cm/cmmi9.pfb><C:/Users/
PJ2892!/AppData/Local/Programs/MiKTeX 2.9/fonts/type1/public/amsfonts/cm/cmmib1
0.pfb><C:/Users/PJ2892!/AppData/Local/Programs/MiKTeX 2.9/fonts/type1/public/am
sfonts/cm/cmr10.pfb><C:/Users/PJ2892!/AppData/Local/Programs/MiKTeX 2.9/fonts/t
ype1/public/amsfonts/cm/cmr12.pfb><C:/Users/PJ2892!/AppData/Local/Programs/MiKT
eX 2.9/fonts/type1/public/amsfonts/cm/cmr5.pfb><C:/Users/PJ2892!/AppData/Local/
Programs/MiKTeX 2.9/fonts/type1/public/amsfonts/cm/cmr6.pfb><C:/Users/PJ2892!/A
ppData/Local/Programs/MiKTeX 2.9/fonts/type1/public/amsfonts/cm/cmr7.pfb><C:/Us
ers/PJ2892!/AppData/Local/Programs/MiKTeX 2.9/fonts/type1/public/amsfonts/cm/cm
r8.pfb><C:/Users/PJ2892!/AppData/Local/Programs/MiKTeX 2.9/fonts/type1/public/a
msfonts/cm/cmr9.pfb><C:/Users/PJ2892!/AppData/Local/Programs/MiKTeX 2.9/fonts/t
ype1/public/amsfonts/cm/cmsy10.pfb><C:/Users/PJ2892!/AppData/Local/Programs/MiK
TeX 2.9/fonts/type1/public/amsfonts/cm/cmsy6.pfb><C:/Users/PJ2892!/AppData/Loca
l/Programs/MiKTeX 2.9/fonts/type1/public/amsfonts/cm/cmsy7.pfb><C:/Users/PJ2892
!/AppData/Local/Programs/MiKTeX 2.9/fonts/type1/public/amsfonts/cm/cmsy8.pfb><C
:/Users/PJ2892!/AppData/Local/Programs/MiKTeX 2.9/fonts/type1/public/amsfonts/c
m/cmsy9.pfb><C:/Users/PJ2892!/AppData/Local/Programs/MiKTeX 2.9/fonts/type1/pub
lic/amsfonts/cm/cmti10.pfb><C:/Users/PJ2892!/AppData/Local/Programs/MiKTeX 2.9/
fonts/type1/public/amsfonts/cm/cmti12.pfb><C:/Users/PJ2892!/AppData/Local/Progr
ams/MiKTeX 2.9/fonts/type1/public/amsfonts/cm/cmti9.pfb><C:/Users/PJ2892!/AppDa
ta/Local/Programs/MiKTeX 2.9/fonts/type1/public/amsfonts/cm/cmtt10.pfb><C:/User
s/PJ2892!/AppData/Local/Programs/MiKTeX 2.9/fonts/type1/public/amsfonts/cm/cmtt
9.pfb><C:/Users/PJ2892!/AppData/Local/Programs/MiKTeX 2.9/fonts/type1/public/am
sfonts/symbols/msam10.pfb><C:/Users/PJ2892!/AppData/Local/Programs/MiKTeX 2.9/f
onts/type1/public/amsfonts/symbols/msbm10.pfb>
Output written on "An Analysis of Model-Agnostic Interpretability ML Techniques
.pdf" (143 pages, 33658481 bytes).
PDF statistics:
 3387 PDF objects out of 3580 (max. 8388607)
 595 named destinations out of 1000 (max. 500000)
 25215 words of extra memory for PDF output out of 29859 (max. 10000000)

